# Logfile created on 2014-05-15 13:25:30 -0400 by logger.rb/41954
I, [2014-05-15T13:25:30.669083 #83402]  INFO -- : 0:  RedCloth (4.2.9) from /Users/Charles_Personal/.rvm/gems/ruby-2.1.0@playbook/specifications/RedCloth-4.2.9.gemspec
I, [2014-05-15T13:25:31.882116 #83402]  INFO -- : 0:  i18n (0.6.9) from /Users/Charles_Personal/.rvm/gems/ruby-2.1.0@playbook/specifications/i18n-0.6.9.gemspec
I, [2014-05-15T13:25:34.691091 #83402]  INFO -- : 0:  json (1.8.1) from /Users/Charles_Personal/.rvm/gems/ruby-2.1.0@playbook/specifications/json-1.8.1.gemspec
I, [2014-05-15T13:25:39.340050 #83402]  INFO -- : 0:  minitest (5.3.3) from /Users/Charles_Personal/.rvm/gems/ruby-2.1.0@playbook/specifications/minitest-5.3.3.gemspec
I, [2014-05-15T13:25:41.443052 #83402]  INFO -- : 0:  thread_safe (0.3.3) from /Users/Charles_Personal/.rvm/gems/ruby-2.1.0@playbook/specifications/thread_safe-0.3.3.gemspec
I, [2014-05-15T13:25:42.976067 #83402]  INFO -- : 0:  tzinfo (1.1.0) from /Users/Charles_Personal/.rvm/gems/ruby-2.1.0@playbook/specifications/tzinfo-1.1.0.gemspec
I, [2014-05-15T13:25:46.236995 #83402]  INFO -- : 0:  activesupport (4.1.1) from /Users/Charles_Personal/.rvm/gems/ruby-2.1.0@playbook/specifications/activesupport-4.1.1.gemspec
I, [2014-05-15T13:25:47.383477 #83402]  INFO -- : 0:  blankslate (2.1.2.4) from /Users/Charles_Personal/.rvm/gems/ruby-2.1.0@playbook/specifications/blankslate-2.1.2.4.gemspec
I, [2014-05-15T13:25:48.725914 #83402]  INFO -- : 0:  fast-stemmer (1.0.2) from /Users/Charles_Personal/.rvm/gems/ruby-2.1.0@playbook/specifications/fast-stemmer-1.0.2.gemspec
I, [2014-05-15T13:25:49.874738 #83402]  INFO -- : 0:  classifier (1.3.4) from /Users/Charles_Personal/.rvm/gems/ruby-2.1.0@playbook/specifications/classifier-1.3.4.gemspec
I, [2014-05-15T13:25:50.930011 #83402]  INFO -- : 0:  colorator (0.1) from /Users/Charles_Personal/.rvm/gems/ruby-2.1.0@playbook/specifications/colorator-0.1.gemspec
I, [2014-05-15T13:25:53.972494 #83402]  INFO -- : 0:  highline (1.6.21) from /Users/Charles_Personal/.rvm/gems/ruby-2.1.0@playbook/specifications/highline-1.6.21.gemspec
I, [2014-05-15T13:25:55.213877 #83402]  INFO -- : 0:  commander (4.1.6) from /Users/Charles_Personal/.rvm/gems/ruby-2.1.0@playbook/specifications/commander-4.1.6.gemspec
I, [2014-05-15T13:26:07.379070 #83402]  INFO -- : 0:  ffi (1.9.3) from /Users/Charles_Personal/.rvm/gems/ruby-2.1.0@playbook/specifications/ffi-1.9.3.gemspec
I, [2014-05-15T13:27:03.627410 #83402]  INFO -- : 0:  gemoji (1.5.0) from /Users/Charles_Personal/.rvm/gems/ruby-2.1.0@playbook/specifications/gemoji-1.5.0.gemspec
I, [2014-05-15T13:27:09.381212 #83402]  INFO -- : 0:  liquid (2.5.5) from /Users/Charles_Personal/.rvm/gems/ruby-2.1.0@playbook/specifications/liquid-2.5.5.gemspec
I, [2014-05-15T13:27:13.996932 #83402]  INFO -- : 0:  rb-fsevent (0.9.4) from /Users/Charles_Personal/.rvm/gems/ruby-2.1.0@playbook/specifications/rb-fsevent-0.9.4.gemspec
I, [2014-05-15T13:27:16.069135 #83402]  INFO -- : 0:  rb-inotify (0.9.4) from /Users/Charles_Personal/.rvm/gems/ruby-2.1.0@playbook/specifications/rb-inotify-0.9.4.gemspec
I, [2014-05-15T13:27:17.852751 #83402]  INFO -- : 0:  rb-kqueue (0.2.2) from /Users/Charles_Personal/.rvm/gems/ruby-2.1.0@playbook/specifications/rb-kqueue-0.2.2.gemspec
I, [2014-05-15T13:27:19.034659 #83402]  INFO -- : 0:  listen (1.3.1) from /Users/Charles_Personal/.rvm/gems/ruby-2.1.0@playbook/specifications/listen-1.3.1.gemspec
I, [2014-05-15T13:27:21.466969 #83402]  INFO -- : 0:  maruku (0.7.0) from /Users/Charles_Personal/.rvm/gems/ruby-2.1.0@playbook/specifications/maruku-0.7.0.gemspec
I, [2014-05-15T13:27:23.102675 #83402]  INFO -- : 0:  posix-spawn (0.3.8) from /Users/Charles_Personal/.rvm/gems/ruby-2.1.0@playbook/specifications/posix-spawn-0.3.8.gemspec
I, [2014-05-15T13:27:29.792558 #83402]  INFO -- : 0:  yajl-ruby (1.1.0) from /Users/Charles_Personal/.rvm/gems/ruby-2.1.0@playbook/specifications/yajl-ruby-1.1.0.gemspec
I, [2014-05-15T13:27:45.333506 #83402]  INFO -- : 0:  pygments.rb (0.5.4) from /Users/Charles_Personal/.rvm/gems/ruby-2.1.0@playbook/specifications/pygments.rb-0.5.4.gemspec
I, [2014-05-15T13:27:48.182955 #83402]  INFO -- : 0:  redcarpet (2.3.0) from /Users/Charles_Personal/.rvm/gems/ruby-2.1.0@playbook/specifications/redcarpet-2.3.0.gemspec
I, [2014-05-15T13:27:50.388694 #83402]  INFO -- : 0:  safe_yaml (1.0.3) from /Users/Charles_Personal/.rvm/gems/ruby-2.1.0@playbook/specifications/safe_yaml-1.0.3.gemspec
I, [2014-05-15T13:27:51.597996 #83402]  INFO -- : 0:  parslet (1.5.0) from /Users/Charles_Personal/.rvm/gems/ruby-2.1.0@playbook/specifications/parslet-1.5.0.gemspec
I, [2014-05-15T13:27:54.044755 #83402]  INFO -- : 0:  toml (0.1.1) from /Users/Charles_Personal/.rvm/gems/ruby-2.1.0@playbook/specifications/toml-0.1.1.gemspec
I, [2014-05-15T13:27:57.896859 #83402]  INFO -- : 0:  jekyll (1.5.1) from /Users/Charles_Personal/.rvm/gems/ruby-2.1.0@playbook/specifications/jekyll-1.5.1.gemspec
I, [2014-05-15T13:27:59.511321 #83402]  INFO -- : 0:  mini_portile (0.6.0) from /Users/Charles_Personal/.rvm/gems/ruby-2.1.0@playbook/specifications/mini_portile-0.6.0.gemspec
I, [2014-05-15T13:30:19.844591 #83402]  INFO -- : 0:  nokogiri (1.6.2.1) from /Users/Charles_Personal/.rvm/gems/ruby-2.1.0@playbook/specifications/nokogiri-1.6.2.1.gemspec
I, [2014-05-15T13:30:23.593335 #83402]  INFO -- : 0:  html-pipeline (1.5.0) from /Users/Charles_Personal/.rvm/gems/ruby-2.1.0@playbook/specifications/html-pipeline-1.5.0.gemspec
I, [2014-05-15T13:30:26.443817 #83402]  INFO -- : 0:  jekyll-mentions (0.0.6) from /Users/Charles_Personal/.rvm/gems/ruby-2.1.0@playbook/specifications/jekyll-mentions-0.0.6.gemspec
I, [2014-05-15T13:30:28.230808 #83402]  INFO -- : 0:  jekyll-redirect-from (0.3.1) from /Users/Charles_Personal/.rvm/gems/ruby-2.1.0@playbook/specifications/jekyll-redirect-from-0.3.1.gemspec
I, [2014-05-15T13:30:29.900915 #83402]  INFO -- : 0:  jekyll-sitemap (0.3.0) from /Users/Charles_Personal/.rvm/gems/ruby-2.1.0@playbook/specifications/jekyll-sitemap-0.3.0.gemspec
I, [2014-05-15T13:30:33.331944 #83402]  INFO -- : 0:  jemoji (0.1.0) from /Users/Charles_Personal/.rvm/gems/ruby-2.1.0@playbook/specifications/jemoji-0.1.0.gemspec
I, [2014-05-15T13:30:35.824363 #83402]  INFO -- : 0:  kramdown (1.3.1) from /Users/Charles_Personal/.rvm/gems/ruby-2.1.0@playbook/specifications/kramdown-1.3.1.gemspec
I, [2014-05-15T13:30:40.776637 #83402]  INFO -- : 0:  rdiscount (2.1.7) from /Users/Charles_Personal/.rvm/gems/ruby-2.1.0@playbook/specifications/rdiscount-2.1.7.gemspec
I, [2014-05-15T13:30:42.415115 #83402]  INFO -- : 0:  github-pages (19) from /Users/Charles_Personal/.rvm/gems/ruby-2.1.0@playbook/specifications/github-pages-19.gemspec
I, [2014-05-15T13:30:42.415668 #83402]  INFO -- : 0:  bundler (1.5.1) from /Users/Charles_Personal/.rvm/gems/ruby-2.1.0@global/specifications/bundler-1.5.1.gemspec
I, [2014-05-15T15:52:55.251339 #25202]  INFO -- : 0:  RedCloth (4.2.9) from /Users/Charles_Personal/.rvm/gems/ruby-2.1.0@playbook/specifications/RedCloth-4.2.9.gemspec
I, [2014-05-15T15:52:55.251842 #25202]  INFO -- : 0:  i18n (0.6.9) from /Users/Charles_Personal/.rvm/gems/ruby-2.1.0@playbook/specifications/i18n-0.6.9.gemspec
I, [2014-05-15T15:52:55.252210 #25202]  INFO -- : 0:  json (1.8.1) from /Users/Charles_Personal/.rvm/gems/ruby-2.1.0@playbook/specifications/json-1.8.1.gemspec
I, [2014-05-15T15:52:55.252563 #25202]  INFO -- : 0:  minitest (5.3.3) from /Users/Charles_Personal/.rvm/gems/ruby-2.1.0@playbook/specifications/minitest-5.3.3.gemspec
I, [2014-05-15T15:52:55.252893 #25202]  INFO -- : 0:  thread_safe (0.3.3) from /Users/Charles_Personal/.rvm/gems/ruby-2.1.0@playbook/specifications/thread_safe-0.3.3.gemspec
I, [2014-05-15T15:52:55.253202 #25202]  INFO -- : 0:  tzinfo (1.1.0) from /Users/Charles_Personal/.rvm/gems/ruby-2.1.0@playbook/specifications/tzinfo-1.1.0.gemspec
I, [2014-05-15T15:52:55.253516 #25202]  INFO -- : 0:  activesupport (4.1.1) from /Users/Charles_Personal/.rvm/gems/ruby-2.1.0@playbook/specifications/activesupport-4.1.1.gemspec
I, [2014-05-15T15:52:55.253813 #25202]  INFO -- : 0:  blankslate (2.1.2.4) from /Users/Charles_Personal/.rvm/gems/ruby-2.1.0@playbook/specifications/blankslate-2.1.2.4.gemspec
I, [2014-05-15T15:52:55.254131 #25202]  INFO -- : 0:  fast-stemmer (1.0.2) from /Users/Charles_Personal/.rvm/gems/ruby-2.1.0@playbook/specifications/fast-stemmer-1.0.2.gemspec
I, [2014-05-15T15:52:55.254442 #25202]  INFO -- : 0:  classifier (1.3.4) from /Users/Charles_Personal/.rvm/gems/ruby-2.1.0@playbook/specifications/classifier-1.3.4.gemspec
I, [2014-05-15T15:52:55.254737 #25202]  INFO -- : 0:  colorator (0.1) from /Users/Charles_Personal/.rvm/gems/ruby-2.1.0@playbook/specifications/colorator-0.1.gemspec
I, [2014-05-15T15:52:55.255052 #25202]  INFO -- : 0:  highline (1.6.21) from /Users/Charles_Personal/.rvm/gems/ruby-2.1.0@playbook/specifications/highline-1.6.21.gemspec
I, [2014-05-15T15:52:55.255347 #25202]  INFO -- : 0:  commander (4.1.6) from /Users/Charles_Personal/.rvm/gems/ruby-2.1.0@playbook/specifications/commander-4.1.6.gemspec
I, [2014-05-15T15:52:55.255653 #25202]  INFO -- : 0:  ffi (1.9.3) from /Users/Charles_Personal/.rvm/gems/ruby-2.1.0@playbook/specifications/ffi-1.9.3.gemspec
I, [2014-05-15T15:52:55.255947 #25202]  INFO -- : 0:  gemoji (1.5.0) from /Users/Charles_Personal/.rvm/gems/ruby-2.1.0@playbook/specifications/gemoji-1.5.0.gemspec
I, [2014-05-15T15:52:55.256237 #25202]  INFO -- : 0:  liquid (2.5.5) from /Users/Charles_Personal/.rvm/gems/ruby-2.1.0@playbook/specifications/liquid-2.5.5.gemspec
I, [2014-05-15T15:52:55.256533 #25202]  INFO -- : 0:  rb-fsevent (0.9.4) from /Users/Charles_Personal/.rvm/gems/ruby-2.1.0@playbook/specifications/rb-fsevent-0.9.4.gemspec
I, [2014-05-15T15:52:55.256841 #25202]  INFO -- : 0:  rb-inotify (0.9.4) from /Users/Charles_Personal/.rvm/gems/ruby-2.1.0@playbook/specifications/rb-inotify-0.9.4.gemspec
I, [2014-05-15T15:52:55.257136 #25202]  INFO -- : 0:  rb-kqueue (0.2.2) from /Users/Charles_Personal/.rvm/gems/ruby-2.1.0@playbook/specifications/rb-kqueue-0.2.2.gemspec
I, [2014-05-15T15:52:55.257425 #25202]  INFO -- : 0:  listen (1.3.1) from /Users/Charles_Personal/.rvm/gems/ruby-2.1.0@playbook/specifications/listen-1.3.1.gemspec
I, [2014-05-15T15:52:55.257747 #25202]  INFO -- : 0:  maruku (0.7.0) from /Users/Charles_Personal/.rvm/gems/ruby-2.1.0@playbook/specifications/maruku-0.7.0.gemspec
I, [2014-05-15T15:52:55.258082 #25202]  INFO -- : 0:  posix-spawn (0.3.8) from /Users/Charles_Personal/.rvm/gems/ruby-2.1.0@playbook/specifications/posix-spawn-0.3.8.gemspec
I, [2014-05-15T15:52:55.258475 #25202]  INFO -- : 0:  yajl-ruby (1.1.0) from /Users/Charles_Personal/.rvm/gems/ruby-2.1.0@playbook/specifications/yajl-ruby-1.1.0.gemspec
I, [2014-05-15T15:52:55.258766 #25202]  INFO -- : 0:  pygments.rb (0.5.4) from /Users/Charles_Personal/.rvm/gems/ruby-2.1.0@playbook/specifications/pygments.rb-0.5.4.gemspec
I, [2014-05-15T15:52:55.259129 #25202]  INFO -- : 0:  redcarpet (2.3.0) from /Users/Charles_Personal/.rvm/gems/ruby-2.1.0@playbook/specifications/redcarpet-2.3.0.gemspec
I, [2014-05-15T15:52:55.259505 #25202]  INFO -- : 0:  safe_yaml (1.0.3) from /Users/Charles_Personal/.rvm/gems/ruby-2.1.0@playbook/specifications/safe_yaml-1.0.3.gemspec
I, [2014-05-15T15:52:55.259887 #25202]  INFO -- : 0:  parslet (1.5.0) from /Users/Charles_Personal/.rvm/gems/ruby-2.1.0@playbook/specifications/parslet-1.5.0.gemspec
I, [2014-05-15T15:52:55.260187 #25202]  INFO -- : 0:  toml (0.1.1) from /Users/Charles_Personal/.rvm/gems/ruby-2.1.0@playbook/specifications/toml-0.1.1.gemspec
I, [2014-05-15T15:52:55.260748 #25202]  INFO -- : 0:  jekyll (1.5.1) from /Users/Charles_Personal/.rvm/gems/ruby-2.1.0@playbook/specifications/jekyll-1.5.1.gemspec
I, [2014-05-15T15:52:55.261042 #25202]  INFO -- : 0:  mini_portile (0.6.0) from /Users/Charles_Personal/.rvm/gems/ruby-2.1.0@playbook/specifications/mini_portile-0.6.0.gemspec
I, [2014-05-15T15:52:55.261365 #25202]  INFO -- : 0:  nokogiri (1.6.2.1) from /Users/Charles_Personal/.rvm/gems/ruby-2.1.0@playbook/specifications/nokogiri-1.6.2.1.gemspec
I, [2014-05-15T15:52:55.261681 #25202]  INFO -- : 0:  html-pipeline (1.5.0) from /Users/Charles_Personal/.rvm/gems/ruby-2.1.0@playbook/specifications/html-pipeline-1.5.0.gemspec
I, [2014-05-15T15:52:55.261988 #25202]  INFO -- : 0:  jekyll-mentions (0.0.6) from /Users/Charles_Personal/.rvm/gems/ruby-2.1.0@playbook/specifications/jekyll-mentions-0.0.6.gemspec
I, [2014-05-15T15:52:55.262370 #25202]  INFO -- : 0:  jekyll-redirect-from (0.3.1) from /Users/Charles_Personal/.rvm/gems/ruby-2.1.0@playbook/specifications/jekyll-redirect-from-0.3.1.gemspec
I, [2014-05-15T15:52:55.262698 #25202]  INFO -- : 0:  jekyll-sitemap (0.3.0) from /Users/Charles_Personal/.rvm/gems/ruby-2.1.0@playbook/specifications/jekyll-sitemap-0.3.0.gemspec
I, [2014-05-15T15:52:55.263018 #25202]  INFO -- : 0:  jemoji (0.1.0) from /Users/Charles_Personal/.rvm/gems/ruby-2.1.0@playbook/specifications/jemoji-0.1.0.gemspec
I, [2014-05-15T15:52:55.263321 #25202]  INFO -- : 0:  kramdown (1.3.1) from /Users/Charles_Personal/.rvm/gems/ruby-2.1.0@playbook/specifications/kramdown-1.3.1.gemspec
I, [2014-05-15T15:52:55.263717 #25202]  INFO -- : 0:  rdiscount (2.1.7) from /Users/Charles_Personal/.rvm/gems/ruby-2.1.0@playbook/specifications/rdiscount-2.1.7.gemspec
I, [2014-05-15T15:52:55.264149 #25202]  INFO -- : 0:  github-pages (19) from /Users/Charles_Personal/.rvm/gems/ruby-2.1.0@playbook/specifications/github-pages-19.gemspec
I, [2014-05-15T15:53:02.716521 #25202]  INFO -- : 0:  sass (3.3.7) from /Users/Charles_Personal/.rvm/gems/ruby-2.1.0@playbook/specifications/sass-3.3.7.gemspec
I, [2014-05-15T15:53:02.717243 #25202]  INFO -- : 0:  bundler (1.5.1) from /Users/Charles_Personal/.rvm/gems/ruby-2.1.0@global/specifications/bundler-1.5.1.gemspec
I, [2014-05-15T16:00:02.166342 #25592]  INFO -- : 0:  RedCloth (4.2.9) from /Users/Charles_Personal/.rvm/gems/ruby-2.1.0@playbook/specifications/RedCloth-4.2.9.gemspec
I, [2014-05-15T16:00:02.167057 #25592]  INFO -- : 0:  i18n (0.6.9) from /Users/Charles_Personal/.rvm/gems/ruby-2.1.0@playbook/specifications/i18n-0.6.9.gemspec
I, [2014-05-15T16:00:02.167654 #25592]  INFO -- : 0:  json (1.8.1) from /Users/Charles_Personal/.rvm/gems/ruby-2.1.0@playbook/specifications/json-1.8.1.gemspec
I, [2014-05-15T16:00:02.168245 #25592]  INFO -- : 0:  minitest (5.3.3) from /Users/Charles_Personal/.rvm/gems/ruby-2.1.0@playbook/specifications/minitest-5.3.3.gemspec
I, [2014-05-15T16:00:02.168859 #25592]  INFO -- : 0:  thread_safe (0.3.3) from /Users/Charles_Personal/.rvm/gems/ruby-2.1.0@playbook/specifications/thread_safe-0.3.3.gemspec
I, [2014-05-15T16:00:02.169429 #25592]  INFO -- : 0:  tzinfo (1.1.0) from /Users/Charles_Personal/.rvm/gems/ruby-2.1.0@playbook/specifications/tzinfo-1.1.0.gemspec
I, [2014-05-15T16:00:02.170000 #25592]  INFO -- : 0:  activesupport (4.1.1) from /Users/Charles_Personal/.rvm/gems/ruby-2.1.0@playbook/specifications/activesupport-4.1.1.gemspec
I, [2014-05-15T16:00:02.170689 #25592]  INFO -- : 0:  blankslate (2.1.2.4) from /Users/Charles_Personal/.rvm/gems/ruby-2.1.0@playbook/specifications/blankslate-2.1.2.4.gemspec
I, [2014-05-15T16:00:02.171296 #25592]  INFO -- : 0:  sass (3.3.7) from /Users/Charles_Personal/.rvm/gems/ruby-2.1.0@playbook/specifications/sass-3.3.7.gemspec
I, [2014-05-15T16:00:04.166182 #25592]  INFO -- : 0:  thor (0.19.1) from /Users/Charles_Personal/.rvm/gems/ruby-2.1.0@playbook/specifications/thor-0.19.1.gemspec
I, [2014-05-15T16:00:05.343949 #25592]  INFO -- : 0:  bourbon (4.0.1) from /Users/Charles_Personal/.rvm/gems/ruby-2.1.0@playbook/specifications/bourbon-4.0.1.gemspec
I, [2014-05-15T16:00:05.344505 #25592]  INFO -- : 0:  fast-stemmer (1.0.2) from /Users/Charles_Personal/.rvm/gems/ruby-2.1.0@playbook/specifications/fast-stemmer-1.0.2.gemspec
I, [2014-05-15T16:00:05.344870 #25592]  INFO -- : 0:  classifier (1.3.4) from /Users/Charles_Personal/.rvm/gems/ruby-2.1.0@playbook/specifications/classifier-1.3.4.gemspec
I, [2014-05-15T16:00:05.345224 #25592]  INFO -- : 0:  colorator (0.1) from /Users/Charles_Personal/.rvm/gems/ruby-2.1.0@playbook/specifications/colorator-0.1.gemspec
I, [2014-05-15T16:00:05.345570 #25592]  INFO -- : 0:  highline (1.6.21) from /Users/Charles_Personal/.rvm/gems/ruby-2.1.0@playbook/specifications/highline-1.6.21.gemspec
I, [2014-05-15T16:00:05.345914 #25592]  INFO -- : 0:  commander (4.1.6) from /Users/Charles_Personal/.rvm/gems/ruby-2.1.0@playbook/specifications/commander-4.1.6.gemspec
I, [2014-05-15T16:00:05.346276 #25592]  INFO -- : 0:  ffi (1.9.3) from /Users/Charles_Personal/.rvm/gems/ruby-2.1.0@playbook/specifications/ffi-1.9.3.gemspec
I, [2014-05-15T16:00:05.346621 #25592]  INFO -- : 0:  gemoji (1.5.0) from /Users/Charles_Personal/.rvm/gems/ruby-2.1.0@playbook/specifications/gemoji-1.5.0.gemspec
I, [2014-05-15T16:00:05.347151 #25592]  INFO -- : 0:  liquid (2.5.5) from /Users/Charles_Personal/.rvm/gems/ruby-2.1.0@playbook/specifications/liquid-2.5.5.gemspec
I, [2014-05-15T16:00:05.347717 #25592]  INFO -- : 0:  rb-fsevent (0.9.4) from /Users/Charles_Personal/.rvm/gems/ruby-2.1.0@playbook/specifications/rb-fsevent-0.9.4.gemspec
I, [2014-05-15T16:00:05.348083 #25592]  INFO -- : 0:  rb-inotify (0.9.4) from /Users/Charles_Personal/.rvm/gems/ruby-2.1.0@playbook/specifications/rb-inotify-0.9.4.gemspec
I, [2014-05-15T16:00:05.348439 #25592]  INFO -- : 0:  rb-kqueue (0.2.2) from /Users/Charles_Personal/.rvm/gems/ruby-2.1.0@playbook/specifications/rb-kqueue-0.2.2.gemspec
I, [2014-05-15T16:00:05.348790 #25592]  INFO -- : 0:  listen (1.3.1) from /Users/Charles_Personal/.rvm/gems/ruby-2.1.0@playbook/specifications/listen-1.3.1.gemspec
I, [2014-05-15T16:00:05.349138 #25592]  INFO -- : 0:  maruku (0.7.0) from /Users/Charles_Personal/.rvm/gems/ruby-2.1.0@playbook/specifications/maruku-0.7.0.gemspec
I, [2014-05-15T16:00:05.349483 #25592]  INFO -- : 0:  posix-spawn (0.3.8) from /Users/Charles_Personal/.rvm/gems/ruby-2.1.0@playbook/specifications/posix-spawn-0.3.8.gemspec
I, [2014-05-15T16:00:05.349824 #25592]  INFO -- : 0:  yajl-ruby (1.1.0) from /Users/Charles_Personal/.rvm/gems/ruby-2.1.0@playbook/specifications/yajl-ruby-1.1.0.gemspec
I, [2014-05-15T16:00:05.350159 #25592]  INFO -- : 0:  pygments.rb (0.5.4) from /Users/Charles_Personal/.rvm/gems/ruby-2.1.0@playbook/specifications/pygments.rb-0.5.4.gemspec
I, [2014-05-15T16:00:05.350516 #25592]  INFO -- : 0:  redcarpet (2.3.0) from /Users/Charles_Personal/.rvm/gems/ruby-2.1.0@playbook/specifications/redcarpet-2.3.0.gemspec
I, [2014-05-15T16:00:05.350857 #25592]  INFO -- : 0:  safe_yaml (1.0.3) from /Users/Charles_Personal/.rvm/gems/ruby-2.1.0@playbook/specifications/safe_yaml-1.0.3.gemspec
I, [2014-05-15T16:00:05.351195 #25592]  INFO -- : 0:  parslet (1.5.0) from /Users/Charles_Personal/.rvm/gems/ruby-2.1.0@playbook/specifications/parslet-1.5.0.gemspec
I, [2014-05-15T16:00:05.351535 #25592]  INFO -- : 0:  toml (0.1.1) from /Users/Charles_Personal/.rvm/gems/ruby-2.1.0@playbook/specifications/toml-0.1.1.gemspec
I, [2014-05-15T16:00:05.351872 #25592]  INFO -- : 0:  jekyll (1.5.1) from /Users/Charles_Personal/.rvm/gems/ruby-2.1.0@playbook/specifications/jekyll-1.5.1.gemspec
I, [2014-05-15T16:00:05.352206 #25592]  INFO -- : 0:  mini_portile (0.6.0) from /Users/Charles_Personal/.rvm/gems/ruby-2.1.0@playbook/specifications/mini_portile-0.6.0.gemspec
I, [2014-05-15T16:00:05.352541 #25592]  INFO -- : 0:  nokogiri (1.6.2.1) from /Users/Charles_Personal/.rvm/gems/ruby-2.1.0@playbook/specifications/nokogiri-1.6.2.1.gemspec
I, [2014-05-15T16:00:05.352875 #25592]  INFO -- : 0:  html-pipeline (1.5.0) from /Users/Charles_Personal/.rvm/gems/ruby-2.1.0@playbook/specifications/html-pipeline-1.5.0.gemspec
I, [2014-05-15T16:00:05.353210 #25592]  INFO -- : 0:  jekyll-mentions (0.0.6) from /Users/Charles_Personal/.rvm/gems/ruby-2.1.0@playbook/specifications/jekyll-mentions-0.0.6.gemspec
I, [2014-05-15T16:00:05.353586 #25592]  INFO -- : 0:  jekyll-redirect-from (0.3.1) from /Users/Charles_Personal/.rvm/gems/ruby-2.1.0@playbook/specifications/jekyll-redirect-from-0.3.1.gemspec
I, [2014-05-15T16:00:05.353926 #25592]  INFO -- : 0:  jekyll-sitemap (0.3.0) from /Users/Charles_Personal/.rvm/gems/ruby-2.1.0@playbook/specifications/jekyll-sitemap-0.3.0.gemspec
I, [2014-05-15T16:00:05.354265 #25592]  INFO -- : 0:  jemoji (0.1.0) from /Users/Charles_Personal/.rvm/gems/ruby-2.1.0@playbook/specifications/jemoji-0.1.0.gemspec
I, [2014-05-15T16:00:05.354601 #25592]  INFO -- : 0:  kramdown (1.3.1) from /Users/Charles_Personal/.rvm/gems/ruby-2.1.0@playbook/specifications/kramdown-1.3.1.gemspec
I, [2014-05-15T16:00:05.354950 #25592]  INFO -- : 0:  rdiscount (2.1.7) from /Users/Charles_Personal/.rvm/gems/ruby-2.1.0@playbook/specifications/rdiscount-2.1.7.gemspec
I, [2014-05-15T16:00:05.355290 #25592]  INFO -- : 0:  github-pages (19) from /Users/Charles_Personal/.rvm/gems/ruby-2.1.0@playbook/specifications/github-pages-19.gemspec
I, [2014-05-15T16:00:07.063994 #25592]  INFO -- : 0:  neat (1.6.0) from /Users/Charles_Personal/.rvm/gems/ruby-2.1.0@playbook/specifications/neat-1.6.0.gemspec
I, [2014-05-15T16:00:07.064506 #25592]  INFO -- : 0:  bundler (1.5.1) from /Users/Charles_Personal/.rvm/gems/ruby-2.1.0@global/specifications/bundler-1.5.1.gemspec
